<?xml version="1.0" encoding="UTF-8"?>
<!-- Generated by org.testng.reporters.JUnitReportReporter -->
<testsuite skipped="0" hostname="wisdom" name="theseAPI.RestAssured.ResearchInvestorsTest" tests="1" failures="0" timestamp="2021-03-15T01:15:47 CDT" time="4.099" errors="0">
  <testcase name="research" time="4.099" classname="theseAPI.RestAssured.ResearchInvestorsTest"/>
</testsuite> <!-- theseAPI.RestAssured.ResearchInvestorsTest -->
